<?xml version="1.0" encoding="UTF-8"?>
<testng-results skipped="0" failed="0" total="1" passed="1">
  <reporter-output>
  </reporter-output>
  <suite name="Default suite" duration-ms="24438" started-at="2021-07-13T07:00:13Z" finished-at="2021-07-13T07:00:38Z">
    <groups>
    </groups>
    <test name="Default test" duration-ms="24438" started-at="2021-07-13T07:00:13Z" finished-at="2021-07-13T07:00:38Z">
      <class name="pom.testcases.TC007_FacebookSignUp">
        <test-method status="PASS" signature="beforeSuite()[pri:0, instance:pom.testcases.TC007_FacebookSignUp@1550481]" name="beforeSuite" is-config="true" duration-ms="1064" started-at="2021-07-13T12:30:12Z" finished-at="2021-07-13T12:30:13Z">
          <reporter-output>
          </reporter-output>
        </test-method> <!-- beforeSuite -->
        <test-method status="PASS" signature="beforeTest()[pri:0, instance:pom.testcases.TC007_FacebookSignUp@1550481]" name="beforeTest" is-config="true" duration-ms="1" started-at="2021-07-13T12:30:13Z" finished-at="2021-07-13T12:30:13Z">
          <reporter-output>
          </reporter-output>
        </test-method> <!-- beforeTest -->
        <test-method status="PASS" signature="beforeClass()[pri:0, instance:pom.testcases.TC007_FacebookSignUp@1550481]" name="beforeClass" is-config="true" duration-ms="0" started-at="2021-07-13T12:30:13Z" finished-at="2021-07-13T12:30:13Z">
          <reporter-output>
          </reporter-output>
        </test-method> <!-- beforeClass -->
        <test-method status="PASS" signature="beforeMethod()[pri:0, instance:pom.testcases.TC007_FacebookSignUp@1550481]" name="beforeMethod" is-config="true" duration-ms="9015" started-at="2021-07-13T12:30:13Z" finished-at="2021-07-13T12:30:22Z">
          <reporter-output>
          </reporter-output>
        </test-method> <!-- beforeMethod -->
        <test-method status="PASS" signature="facebookSignUp()[pri:0, instance:pom.testcases.TC007_FacebookSignUp@1550481]" name="facebookSignUp" duration-ms="14583" started-at="2021-07-13T12:30:22Z" finished-at="2021-07-13T12:30:37Z">
          <reporter-output>
          </reporter-output>
        </test-method> <!-- facebookSignUp -->
        <test-method status="PASS" signature="afterMethod()[pri:0, instance:pom.testcases.TC007_FacebookSignUp@1550481]" name="afterMethod" is-config="true" duration-ms="807" started-at="2021-07-13T12:30:37Z" finished-at="2021-07-13T12:30:38Z">
          <reporter-output>
          </reporter-output>
        </test-method> <!-- afterMethod -->
        <test-method status="PASS" signature="afterClass()[pri:0, instance:pom.testcases.TC007_FacebookSignUp@1550481]" name="afterClass" is-config="true" duration-ms="1" started-at="2021-07-13T12:30:38Z" finished-at="2021-07-13T12:30:38Z">
          <reporter-output>
          </reporter-output>
        </test-method> <!-- afterClass -->
        <test-method status="PASS" signature="afterTest()[pri:0, instance:pom.testcases.TC007_FacebookSignUp@1550481]" name="afterTest" is-config="true" duration-ms="0" started-at="2021-07-13T12:30:38Z" finished-at="2021-07-13T12:30:38Z">
          <reporter-output>
          </reporter-output>
        </test-method> <!-- afterTest -->
        <test-method status="PASS" signature="afterSuite()[pri:0, instance:pom.testcases.TC007_FacebookSignUp@1550481]" name="afterSuite" is-config="true" duration-ms="804" started-at="2021-07-13T12:30:38Z" finished-at="2021-07-13T12:30:38Z">
          <reporter-output>
          </reporter-output>
        </test-method> <!-- afterSuite -->
      </class> <!-- pom.testcases.TC007_FacebookSignUp -->
    </test> <!-- Default test -->
  </suite> <!-- Default suite -->
</testng-results>
